Several complimentary python scripts are available with pplacer/1.1.alpha19.
'module help pplacer/1.1.alpha19' for more information 

*******************************************************************************
 [CheckM - tree] Placing bins in reference genome tree.
*******************************************************************************

  Identifying marker genes in 12 bins with 8 threads:
    Finished processing 0 of 12 (0.00%) bins.
    Finished processing 1 of 12 (8.33%) bins.
    Finished processing 2 of 12 (16.67%) bins.
    Finished processing 3 of 12 (25.00%) bins.
    Finished processing 4 of 12 (33.33%) bins.
    Finished processing 5 of 12 (41.67%) bins.
    Finished processing 6 of 12 (50.00%) bins.
    Finished processing 7 of 12 (58.33%) bins.
    Finished processing 8 of 12 (66.67%) bins.
    Finished processing 9 of 12 (75.00%) bins.
    Finished processing 10 of 12 (83.33%) bins.
    Finished processing 11 of 12 (91.67%) bins.
    Finished processing 12 of 12 (100.00%) bins.
  Saving HMM info to file.

  Calculating genome statistics for 12 bins with 8 threads:
    Finished processing 0 of 12 (0.00%) bins.
    Finished processing 1 of 12 (8.33%) bins.
    Finished processing 2 of 12 (16.67%) bins.
    Finished processing 3 of 12 (25.00%) bins.
    Finished processing 4 of 12 (33.33%) bins.
    Finished processing 5 of 12 (41.67%) bins.
    Finished processing 6 of 12 (50.00%) bins.
    Finished processing 7 of 12 (58.33%) bins.
    Finished processing 8 of 12 (66.67%) bins.
    Finished processing 9 of 12 (75.00%) bins.
    Finished processing 10 of 12 (83.33%) bins.
    Finished processing 11 of 12 (91.67%) bins.
    Finished processing 12 of 12 (100.00%) bins.

  Extracting marker genes to align.
  Parsing HMM hits to marker genes:
    Finished parsing hits for 1 of 12 (8.33%) bins.
    Finished parsing hits for 2 of 12 (16.67%) bins.
    Finished parsing hits for 3 of 12 (25.00%) bins.
    Finished parsing hits for 4 of 12 (33.33%) bins.
    Finished parsing hits for 5 of 12 (41.67%) bins.
    Finished parsing hits for 6 of 12 (50.00%) bins.
    Finished parsing hits for 7 of 12 (58.33%) bins.
    Finished parsing hits for 8 of 12 (66.67%) bins.
    Finished parsing hits for 9 of 12 (75.00%) bins.
    Finished parsing hits for 10 of 12 (83.33%) bins.
    Finished parsing hits for 11 of 12 (91.67%) bins.
    Finished parsing hits for 12 of 12 (100.00%) bins.
  Extracting 43 HMMs with 8 threads:
    Finished extracting 0 of 43 (0.00%) HMMs.
    Finished extracting 1 of 43 (2.33%) HMMs.
    Finished extracting 2 of 43 (4.65%) HMMs.
    Finished extracting 3 of 43 (6.98%) HMMs.
    Finished extracting 4 of 43 (9.30%) HMMs.
    Finished extracting 5 of 43 (11.63%) HMMs.
    Finished extracting 6 of 43 (13.95%) HMMs.
    Finished extracting 7 of 43 (16.28%) HMMs.
    Finished extracting 8 of 43 (18.60%) HMMs.
    Finished extracting 9 of 43 (20.93%) HMMs.
    Finished extracting 10 of 43 (23.26%) HMMs.
    Finished extracting 11 of 43 (25.58%) HMMs.
    Finished extracting 12 of 43 (27.91%) HMMs.
    Finished extracting 13 of 43 (30.23%) HMMs.
    Finished extracting 14 of 43 (32.56%) HMMs.
    Finished extracting 15 of 43 (34.88%) HMMs.
    Finished extracting 16 of 43 (37.21%) HMMs.
    Finished extracting 17 of 43 (39.53%) HMMs.
    Finished extracting 18 of 43 (41.86%) HMMs.
    Finished extracting 19 of 43 (44.19%) HMMs.
    Finished extracting 20 of 43 (46.51%) HMMs.
    Finished extracting 21 of 43 (48.84%) HMMs.
    Finished extracting 22 of 43 (51.16%) HMMs.
    Finished extracting 23 of 43 (53.49%) HMMs.
    Finished extracting 24 of 43 (55.81%) HMMs.
    Finished extracting 25 of 43 (58.14%) HMMs.
    Finished extracting 26 of 43 (60.47%) HMMs.
    Finished extracting 27 of 43 (62.79%) HMMs.
    Finished extracting 28 of 43 (65.12%) HMMs.
    Finished extracting 29 of 43 (67.44%) HMMs.
    Finished extracting 30 of 43 (69.77%) HMMs.
    Finished extracting 31 of 43 (72.09%) HMMs.
    Finished extracting 32 of 43 (74.42%) HMMs.
    Finished extracting 33 of 43 (76.74%) HMMs.
    Finished extracting 34 of 43 (79.07%) HMMs.
    Finished extracting 35 of 43 (81.40%) HMMs.
    Finished extracting 36 of 43 (83.72%) HMMs.
    Finished extracting 37 of 43 (86.05%) HMMs.
    Finished extracting 38 of 43 (88.37%) HMMs.
    Finished extracting 39 of 43 (90.70%) HMMs.
    Finished extracting 40 of 43 (93.02%) HMMs.
    Finished extracting 41 of 43 (95.35%) HMMs.
    Finished extracting 42 of 43 (97.67%) HMMs.
    Finished extracting 43 of 43 (100.00%) HMMs.
  Aligning 43 marker genes with 8 threads:
    Finished aligning 0 of 43 (0.00%) marker genes.
    Finished aligning 1 of 43 (2.33%) marker genes.
    Finished aligning 2 of 43 (4.65%) marker genes.
    Finished aligning 3 of 43 (6.98%) marker genes.
    Finished aligning 4 of 43 (9.30%) marker genes.
    Finished aligning 5 of 43 (11.63%) marker genes.
    Finished aligning 6 of 43 (13.95%) marker genes.
    Finished aligning 7 of 43 (16.28%) marker genes.
    Finished aligning 8 of 43 (18.60%) marker genes.
    Finished aligning 9 of 43 (20.93%) marker genes.
    Finished aligning 10 of 43 (23.26%) marker genes.
    Finished aligning 11 of 43 (25.58%) marker genes.
    Finished aligning 12 of 43 (27.91%) marker genes.
    Finished aligning 13 of 43 (30.23%) marker genes.
    Finished aligning 14 of 43 (32.56%) marker genes.
    Finished aligning 15 of 43 (34.88%) marker genes.
    Finished aligning 16 of 43 (37.21%) marker genes.
    Finished aligning 17 of 43 (39.53%) marker genes.
    Finished aligning 18 of 43 (41.86%) marker genes.
    Finished aligning 19 of 43 (44.19%) marker genes.
    Finished aligning 20 of 43 (46.51%) marker genes.
    Finished aligning 21 of 43 (48.84%) marker genes.
    Finished aligning 22 of 43 (51.16%) marker genes.
    Finished aligning 23 of 43 (53.49%) marker genes.
    Finished aligning 24 of 43 (55.81%) marker genes.
    Finished aligning 25 of 43 (58.14%) marker genes.
    Finished aligning 26 of 43 (60.47%) marker genes.
    Finished aligning 27 of 43 (62.79%) marker genes.
    Finished aligning 28 of 43 (65.12%) marker genes.
    Finished aligning 29 of 43 (67.44%) marker genes.
    Finished aligning 30 of 43 (69.77%) marker genes.
    Finished aligning 31 of 43 (72.09%) marker genes.
    Finished aligning 32 of 43 (74.42%) marker genes.
    Finished aligning 33 of 43 (76.74%) marker genes.
    Finished aligning 34 of 43 (79.07%) marker genes.
    Finished aligning 35 of 43 (81.40%) marker genes.
    Finished aligning 36 of 43 (83.72%) marker genes.
    Finished aligning 37 of 43 (86.05%) marker genes.
    Finished aligning 38 of 43 (88.37%) marker genes.
    Finished aligning 39 of 43 (90.70%) marker genes.
    Finished aligning 40 of 43 (93.02%) marker genes.
    Finished aligning 41 of 43 (95.35%) marker genes.
    Finished aligning 42 of 43 (97.67%) marker genes.
    Finished aligning 43 of 43 (100.00%) marker genes.

  Reading marker alignment files.
  Concatenating alignments.
  Placing 12 bins into the genome tree with pplacer (be patient).

  { Current stage: 0:03:02.361 || Total: 0:03:02.361 }

*******************************************************************************
 [CheckM - lineage_set] Inferring lineage-specific marker sets.
*******************************************************************************

  Reading HMM info from file.
  Parsing HMM hits to marker genes:
    Finished parsing hits for 1 of 12 (8.33%) bins.
    Finished parsing hits for 2 of 12 (16.67%) bins.
    Finished parsing hits for 3 of 12 (25.00%) bins.
    Finished parsing hits for 4 of 12 (33.33%) bins.
    Finished parsing hits for 5 of 12 (41.67%) bins.
    Finished parsing hits for 6 of 12 (50.00%) bins.
    Finished parsing hits for 7 of 12 (58.33%) bins.
    Finished parsing hits for 8 of 12 (66.67%) bins.
    Finished parsing hits for 9 of 12 (75.00%) bins.
    Finished parsing hits for 10 of 12 (83.33%) bins.
    Finished parsing hits for 11 of 12 (91.67%) bins.
    Finished parsing hits for 12 of 12 (100.00%) bins.

  Determining marker sets for each genome bin.

    Finished processing 1 of 12 (8.33%) bins (current: bin_2119_1).
                                                                   
    Finished processing 2 of 12 (16.67%) bins (current: bin_2119_10).
                                                                     
    Finished processing 3 of 12 (25.00%) bins (current: bin_2119_11).
                                                                     
    Finished processing 4 of 12 (33.33%) bins (current: bin_2119_12).
                                                                     
    Finished processing 5 of 12 (41.67%) bins (current: bin_2119_2).
                                                                    
    Finished processing 6 of 12 (50.00%) bins (current: bin_2119_3).
                                                                    
    Finished processing 7 of 12 (58.33%) bins (current: bin_2119_4).
                                                                    
    Finished processing 8 of 12 (66.67%) bins (current: bin_2119_5).
                                                                    
    Finished processing 9 of 12 (75.00%) bins (current: bin_2119_6).
                                                                    
    Finished processing 10 of 12 (83.33%) bins (current: bin_2119_7).
                                                                     
    Finished processing 11 of 12 (91.67%) bins (current: bin_2119_8).
                                                                     
    Finished processing 12 of 12 (100.00%) bins (current: bin_2119_9).

  Marker set written to: /home/silvi/results/checkM/check_2119/lineage.ms

  { Current stage: 0:00:03.176 || Total: 0:03:05.538 }

*******************************************************************************
 [CheckM - analyze] Identifying marker genes in bins.
*******************************************************************************

  Identifying marker genes in 12 bins with 8 threads:
    Finished processing 0 of 12 (0.00%) bins.
    Finished processing 1 of 12 (8.33%) bins.
    Finished processing 2 of 12 (16.67%) bins.
    Finished processing 3 of 12 (25.00%) bins.
    Finished processing 4 of 12 (33.33%) bins.
    Finished processing 5 of 12 (41.67%) bins.
    Finished processing 6 of 12 (50.00%) bins.
    Finished processing 7 of 12 (58.33%) bins.
    Finished processing 8 of 12 (66.67%) bins.
    Finished processing 9 of 12 (75.00%) bins.
    Finished processing 10 of 12 (83.33%) bins.
    Finished processing 11 of 12 (91.67%) bins.
    Finished processing 12 of 12 (100.00%) bins.
  Saving HMM info to file.

  { Current stage: 0:01:24.713 || Total: 0:04:30.251 }

  Parsing HMM hits to marker genes:
    Finished parsing hits for 1 of 12 (8.33%) bins.
    Finished parsing hits for 2 of 12 (16.67%) bins.
    Finished parsing hits for 3 of 12 (25.00%) bins.
    Finished parsing hits for 4 of 12 (33.33%) bins.
    Finished parsing hits for 5 of 12 (41.67%) bins.
    Finished parsing hits for 6 of 12 (50.00%) bins.
    Finished parsing hits for 7 of 12 (58.33%) bins.
    Finished parsing hits for 8 of 12 (66.67%) bins.
    Finished parsing hits for 9 of 12 (75.00%) bins.
    Finished parsing hits for 10 of 12 (83.33%) bins.
    Finished parsing hits for 11 of 12 (91.67%) bins.
    Finished parsing hits for 12 of 12 (100.00%) bins.
  Aligning marker genes with multiple hits in a single bin:
    Finished processing 0 of 12 (0.00%) bins.
    Finished processing 1 of 12 (8.33%) bins.
    Finished processing 2 of 12 (16.67%) bins.
    Finished processing 3 of 12 (25.00%) bins.
    Finished processing 4 of 12 (33.33%) bins.
    Finished processing 5 of 12 (41.67%) bins.
    Finished processing 6 of 12 (50.00%) bins.
    Finished processing 7 of 12 (58.33%) bins.
    Finished processing 8 of 12 (66.67%) bins.
    Finished processing 9 of 12 (75.00%) bins.
    Finished processing 10 of 12 (83.33%) bins.
    Finished processing 11 of 12 (91.67%) bins.
    Finished processing 12 of 12 (100.00%) bins.

  { Current stage: 0:00:09.364 || Total: 0:04:39.615 }

  Calculating genome statistics for 12 bins with 8 threads:
    Finished processing 0 of 12 (0.00%) bins.
    Finished processing 1 of 12 (8.33%) bins.
    Finished processing 2 of 12 (16.67%) bins.
    Finished processing 3 of 12 (25.00%) bins.
    Finished processing 4 of 12 (33.33%) bins.
    Finished processing 5 of 12 (41.67%) bins.
    Finished processing 6 of 12 (50.00%) bins.
    Finished processing 7 of 12 (58.33%) bins.
    Finished processing 8 of 12 (66.67%) bins.
    Finished processing 9 of 12 (75.00%) bins.
    Finished processing 10 of 12 (83.33%) bins.
    Finished processing 11 of 12 (91.67%) bins.
    Finished processing 12 of 12 (100.00%) bins.

  { Current stage: 0:00:00.469 || Total: 0:04:40.085 }

*******************************************************************************
 [CheckM - qa] Tabulating genome statistics.
*******************************************************************************

  Calculating AAI between multi-copy marker genes.

  Reading HMM info from file.
  Parsing HMM hits to marker genes:
    Finished parsing hits for 1 of 12 (8.33%) bins.
    Finished parsing hits for 2 of 12 (16.67%) bins.
    Finished parsing hits for 3 of 12 (25.00%) bins.
    Finished parsing hits for 4 of 12 (33.33%) bins.
    Finished parsing hits for 5 of 12 (41.67%) bins.
    Finished parsing hits for 6 of 12 (50.00%) bins.
    Finished parsing hits for 7 of 12 (58.33%) bins.
    Finished parsing hits for 8 of 12 (66.67%) bins.
    Finished parsing hits for 9 of 12 (75.00%) bins.
    Finished parsing hits for 10 of 12 (83.33%) bins.
    Finished parsing hits for 11 of 12 (91.67%) bins.
    Finished parsing hits for 12 of 12 (100.00%) bins.


  { Current stage: 0:00:03.564 || Total: 0:04:43.649 }
----------------------------------------------------------------------------------------------------------------------------------------------------------------------------
  Bin Id               Marker lineage          # genomes   # markers   # marker sets    0     1    2    3    4    5+   Completeness   Contamination   Strain heterogeneity  
----------------------------------------------------------------------------------------------------------------------------------------------------------------------------
  bin_2119_9            root (UID1)               5656         56            24         0     1    1    5    12   37      100.00          348.35              3.92          
  bin_2119_4         k__Archaea (UID2)            207         145           103         9     53   50   30   3    0       92.23           82.59              26.58          
  bin_2119_5         k__Archaea (UID2)            207         149           107         21    51   70   7    0    0       84.58           56.21              64.84          
  bin_2119_2      p__Euryarchaeota (UID3)         148         188           125         25   162   1    0    0    0       82.40            0.80              100.00         
  bin_2119_3       k__Bacteria (UID1453)          901         171           117         51   113   7    0    0    0       63.16            1.76               0.00          
  bin_2119_12      k__Bacteria (UID2565)          2921        142            87         43    90   9    0    0    0       61.32            3.84              33.33          
  bin_2119_8    o__Actinomycetales (UID1663)      488         310           185        141   167   2    0    0    0       50.40            0.26              100.00         
  bin_2119_11   p__Proteobacteria (UID3880)       1495        261           164        163    91   7    0    0    0       43.61            3.66              42.86          
  bin_2119_6    o__Actinomycetales (UID1663)      488         310           185        172   135   3    0    0    0       40.58            0.44              100.00         
  bin_2119_1       k__Bacteria (UID1453)          901         171           117        125    45   1    0    0    0       24.15            0.85               0.00          
  bin_2119_7        k__Bacteria (UID203)          5449        104            58         94    10   0    0    0    0       12.07            0.00               0.00          
  bin_2119_10           root (UID1)               5656         56            24         56    0    0    0    0    0        0.00            0.00               0.00          
----------------------------------------------------------------------------------------------------------------------------------------------------------------------------
