125.0Gb memory in total.
Using: 112.829Gb.
MEGAHIT v1.1.2
--- [Mon Apr  8 22:45:57 2019] Start assembly. Number of CPU threads 20 ---
--- [Mon Apr  8 22:45:57 2019] Available memory: 134609682432, used: 121148714188
--- [Mon Apr  8 22:45:57 2019] Converting reads to binaries ---
    [read_lib_functions-inl.h  : 209]     Lib 0 (/home/silvi/raw_data/DNA_trimmed/SRR4342133_1.paired.trimmed.fastq.gz,/home/silvi/raw_data/DNA_trimmed/SRR4342133_2.paired.trimmed.fastq.gz): pe, 59954188 reads, 101 max length
    [utils.h                   : 126]     Real: 130.3550	user: 49.7292	sys: 5.3233	maxrss: 152940
--- [Mon Apr  8 22:48:10 2019] k list: 65,75,85,95,105 ---
--- [Mon Apr  8 22:48:10 2019] Extracting solid (k+1)-mers and building sdbg for k = 65 ---
--- [Mon Apr  8 23:23:56 2019] Assembling contigs from SdBG for k = 65 ---
--- [Mon Apr  8 23:42:09 2019] Local assembling k = 65 ---
--- [Tue Apr  9 00:06:44 2019] Extracting iterative edges from k = 65 to 75 ---
--- [Tue Apr  9 00:12:14 2019] Building graph for k = 75 ---
--- [Tue Apr  9 00:14:16 2019] Assembling contigs from SdBG for k = 75 ---
--- [Tue Apr  9 00:23:01 2019] Local assembling k = 75 ---
--- [Tue Apr  9 00:38:49 2019] Extracting iterative edges from k = 75 to 85 ---
--- [Tue Apr  9 00:42:39 2019] Building graph for k = 85 ---
--- [Tue Apr  9 00:44:22 2019] Assembling contigs from SdBG for k = 85 ---
--- [Tue Apr  9 00:52:06 2019] Local assembling k = 85 ---
--- [Tue Apr  9 01:04:31 2019] Extracting iterative edges from k = 85 to 95 ---
--- [Tue Apr  9 01:06:23 2019] Building graph for k = 95 ---
--- [Tue Apr  9 01:07:49 2019] Assembling contigs from SdBG for k = 95 ---
--- [Tue Apr  9 01:14:26 2019] Local assembling k = 95 ---
--- [Tue Apr  9 01:24:34 2019] Extracting iterative edges from k = 95 to 105 ---
--- [Tue Apr  9 01:24:38 2019] Building graph for k = 105 ---
--- [Tue Apr  9 01:25:31 2019] Assembling contigs from SdBG for k = 105 ---
--- [Tue Apr  9 01:31:16 2019] Merging to output final contigs ---
--- [STAT] 160002 contigs, total 143196164 bp, min 200 bp, max 173476 bp, avg 895 bp, N50 1142 bp
--- [Tue Apr  9 01:31:18 2019] ALL DONE. Time elapsed: 9920.971723 seconds ---
