[bwa_index] Pack FASTA... 0.03 sec
[bwa_index] Construct BWT for the packed sequence...
[bwa_index] 0.74 seconds elapse.
[bwa_index] Update BWT... 0.02 sec
[bwa_index] Pack forward-only FASTA... 0.02 sec
[bwa_index] Construct SA from BWT and Occ... 0.43 sec
[main] Version: 0.7.8-r455
[main] CMD: bwa index /home/silvi/results/binning/bin_2133/bin_2133_1.fa
[main] Real time: 1.416 sec; CPU: 1.257 sec
/var/spool/slurmd/job8746542/slurm_script: line 15: /home/silvi/results/map/map_2133/map_2133_1P.sam: No such file or directory
/var/spool/slurmd/job8746542/slurm_script: line 16: /home/silvi/results/map/map_2133/map_2133_1U.sam: No such file or directory
[bwa_index] Pack FASTA... 0.00 sec
[bwa_index] Construct BWT for the packed sequence...
[bwa_index] 0.26 seconds elapse.
[bwa_index] Update BWT... 0.00 sec
[bwa_index] Pack forward-only FASTA... 0.01 sec
[bwa_index] Construct SA from BWT and Occ... 0.14 sec
[main] Version: 0.7.8-r455
[main] CMD: bwa index /home/silvi/results/binning/bin_2133/bin_2133_2.fa
[main] Real time: 0.498 sec; CPU: 0.422 sec
/var/spool/slurmd/job8746542/slurm_script: line 19: /home/silvi/results/map/map_2133/map_2133_2P.sam: No such file or directory
/var/spool/slurmd/job8746542/slurm_script: line 20: /home/silvi/results/map/map_2133/map_2133_2U.sam: No such file or directory
[bwa_index] Pack FASTA... 0.01 sec
[bwa_index] Construct BWT for the packed sequence...
[bwa_index] 0.24 seconds elapse.
[bwa_index] Update BWT... 0.00 sec
[bwa_index] Pack forward-only FASTA... 0.00 sec
[bwa_index] Construct SA from BWT and Occ... 0.13 sec
[main] Version: 0.7.8-r455
[main] CMD: bwa index /home/silvi/results/binning/bin_2133/bin_2133_3.fa
[main] Real time: 0.456 sec; CPU: 0.388 sec
/var/spool/slurmd/job8746542/slurm_script: line 23: /home/silvi/results/map/map_2133/map_2133_3P.sam: No such file or directory
/var/spool/slurmd/job8746542/slurm_script: line 24: /home/silvi/results/map/map_2133/map_2133_3U.sam: No such file or directory
[bwa_index] Pack FASTA... 0.07 sec
[bwa_index] Construct BWT for the packed sequence...
[bwa_index] 1.52 seconds elapse.
[bwa_index] Update BWT... 0.03 sec
[bwa_index] Pack forward-only FASTA... 0.03 sec
[bwa_index] Construct SA from BWT and Occ... 0.73 sec
[main] Version: 0.7.8-r455
[main] CMD: bwa index /home/silvi/results/binning/bin_2133/bin_2133_4.fa
[main] Real time: 2.587 sec; CPU: 2.389 sec
/var/spool/slurmd/job8746542/slurm_script: line 27: /home/silvi/results/map/map_2133/map_2133_4P.sam: No such file or directory
/var/spool/slurmd/job8746542/slurm_script: line 28: /home/silvi/results/map/map_2133/map_2133_4U.sam: No such file or directory
[bwa_index] Pack FASTA... 0.02 sec
[bwa_index] Construct BWT for the packed sequence...
[bwa_index] 0.60 seconds elapse.
[bwa_index] Update BWT... 0.02 sec
[bwa_index] Pack forward-only FASTA... 0.01 sec
[bwa_index] Construct SA from BWT and Occ... 0.28 sec
[main] Version: 0.7.8-r455
[main] CMD: bwa index /home/silvi/results/binning/bin_2133/bin_2133_5.fa
[main] Real time: 1.062 sec; CPU: 0.942 sec
/var/spool/slurmd/job8746542/slurm_script: line 31: /home/silvi/results/map/map_2133/map_2133_5P.sam: No such file or directory
/var/spool/slurmd/job8746542/slurm_script: line 32: /home/silvi/results/map/map_2133/map_2133_5U.sam: No such file or directory
[bwa_index] Pack FASTA... 0.00 sec
[bwa_index] Construct BWT for the packed sequence...
[bwa_index] 0.24 seconds elapse.
[bwa_index] Update BWT... 0.01 sec
[bwa_index] Pack forward-only FASTA... 0.01 sec
[bwa_index] Construct SA from BWT and Occ... 0.13 sec
[main] Version: 0.7.8-r455
[main] CMD: bwa index /home/silvi/results/binning/bin_2133/bin_2133_6.fa
[main] Real time: 0.477 sec; CPU: 0.395 sec
/var/spool/slurmd/job8746542/slurm_script: line 35: /home/silvi/results/map/map_2133/map_2133_6P.sam: No such file or directory
/var/spool/slurmd/job8746542/slurm_script: line 36: /home/silvi/results/map/map_2133/map_2133_6U.sam: No such file or directory
[bwa_index] Pack FASTA... 0.00 sec
[bwa_index] Construct BWT for the packed sequence...
[bwa_index] 0.19 seconds elapse.
[bwa_index] Update BWT... 0.01 sec
[bwa_index] Pack forward-only FASTA... 0.00 sec
[bwa_index] Construct SA from BWT and Occ... 0.12 sec
[main] Version: 0.7.8-r455
[main] CMD: bwa index /home/silvi/results/binning/bin_2133/bin_2133_7.fa
[main] Real time: 0.392 sec; CPU: 0.322 sec
/var/spool/slurmd/job8746542/slurm_script: line 39: /home/silvi/results/map/map_2133/map_2133_7P.sam: No such file or directory
/var/spool/slurmd/job8746542/slurm_script: line 40: /home/silvi/results/map/map_2133/map_2133_7U.sam: No such file or directory
[bwa_index] Pack FASTA... 0.02 sec
[bwa_index] Construct BWT for the packed sequence...
[bwa_index] 0.87 seconds elapse.
[bwa_index] Update BWT... 0.03 sec
[bwa_index] Pack forward-only FASTA... 0.02 sec
[bwa_index] Construct SA from BWT and Occ... 0.56 sec
[main] Version: 0.7.8-r455
[main] CMD: bwa index /home/silvi/results/binning/bin_2133/bin_2133_8.fa
[main] Real time: 1.642 sec; CPU: 1.510 sec
/var/spool/slurmd/job8746542/slurm_script: line 43: /home/silvi/results/map/map_2133/map_2133_8P.sam: No such file or directory
/var/spool/slurmd/job8746542/slurm_script: line 44: /home/silvi/results/map/map_2133/map_2133_8U.sam: No such file or directory
[bwa_index] Pack FASTA... 0.00 sec
[bwa_index] Construct BWT for the packed sequence...
[bwa_index] 0.22 seconds elapse.
[bwa_index] Update BWT... 0.02 sec
[bwa_index] Pack forward-only FASTA... 0.00 sec
[bwa_index] Construct SA from BWT and Occ... 0.13 sec
[main] Version: 0.7.8-r455
[main] CMD: bwa index /home/silvi/results/binning/bin_2133/bin_2133_9.fa
[main] Real time: 0.439 sec; CPU: 0.379 sec
/var/spool/slurmd/job8746542/slurm_script: line 47: /home/silvi/results/map/map_2133/map_2133_9P.sam: No such file or directory
/var/spool/slurmd/job8746542/slurm_script: line 48: /home/silvi/results/map/map_2133/map_2133_9U.sam: No such file or directory
[bwa_index] Pack FASTA... 0.02 sec
[bwa_index] Construct BWT for the packed sequence...
[bwa_index] 0.43 seconds elapse.
[bwa_index] Update BWT... 0.01 sec
[bwa_index] Pack forward-only FASTA... 0.01 sec
[bwa_index] Construct SA from BWT and Occ... 0.21 sec
[main] Version: 0.7.8-r455
[main] CMD: bwa index /home/silvi/results/binning/bin_2133/bin_2133_10.fa
[main] Real time: 0.748 sec; CPU: 0.683 sec
/var/spool/slurmd/job8746542/slurm_script: line 51: /home/silvi/results/map/map_2133/map_2133_10P.sam: No such file or directory
/var/spool/slurmd/job8746542/slurm_script: line 52: /home/silvi/results/map/map_2133/map_2133_10U.sam: No such file or directory
[bwa_index] Pack FASTA... 0.02 sec
[bwa_index] Construct BWT for the packed sequence...
[bwa_index] 0.53 seconds elapse.
[bwa_index] Update BWT... 0.01 sec
[bwa_index] Pack forward-only FASTA... 0.01 sec
[bwa_index] Construct SA from BWT and Occ... 0.23 sec
[main] Version: 0.7.8-r455
[main] CMD: bwa index /home/silvi/results/binning/bin_2133/bin_2133_11.fa
[main] Real time: 0.911 sec; CPU: 0.812 sec
/var/spool/slurmd/job8746542/slurm_script: line 55: /home/silvi/results/map/map_2133/map_2133_11P.sam: No such file or directory
/var/spool/slurmd/job8746542/slurm_script: line 56: /home/silvi/results/map/map_2133/map_2133_11U.sam: No such file or directory
[bwa_index] Pack FASTA... 0.00 sec
[bwa_index] Construct BWT for the packed sequence...
[bwa_index] 0.04 seconds elapse.
[bwa_index] Update BWT... 0.00 sec
[bwa_index] Pack forward-only FASTA... 0.00 sec
[bwa_index] Construct SA from BWT and Occ... 0.02 sec
[main] Version: 0.7.8-r455
[main] CMD: bwa index /home/silvi/results/binning/bin_2133/bin_2133_12.fa
[main] Real time: 0.119 sec; CPU: 0.069 sec
/var/spool/slurmd/job8746542/slurm_script: line 59: /home/silvi/results/map/map_2133/map_2133_12P.sam: No such file or directory
/var/spool/slurmd/job8746542/slurm_script: line 60: /home/silvi/results/map/map_2133/map_2133_12U.sam: No such file or directory
[bwa_index] Pack FASTA... 0.02 sec
[bwa_index] Construct BWT for the packed sequence...
[bwa_index] 0.54 seconds elapse.
[bwa_index] Update BWT... 0.01 sec
[bwa_index] Pack forward-only FASTA... 0.03 sec
[bwa_index] Construct SA from BWT and Occ... 0.35 sec
[main] Version: 0.7.8-r455
[main] CMD: bwa index /home/silvi/results/binning/bin_2133/bin_2133_13.fa
[main] Real time: 1.037 sec; CPU: 0.959 sec
/var/spool/slurmd/job8746542/slurm_script: line 63: /home/silvi/results/map/map_2133/map_2133_13P.sam: No such file or directory
/var/spool/slurmd/job8746542/slurm_script: line 64: /home/silvi/results/map/map_2133/map_2133_13U.sam: No such file or directory
[bwa_index] Pack FASTA... 0.00 sec
[bwa_index] Construct BWT for the packed sequence...
[bwa_index] 0.06 seconds elapse.
[bwa_index] Update BWT... 0.01 sec
[bwa_index] Pack forward-only FASTA... 0.00 sec
[bwa_index] Construct SA from BWT and Occ... 0.02 sec
[main] Version: 0.7.8-r455
[main] CMD: bwa index /home/silvi/results/binning/bin_2133/bin_2133_14.fa
[main] Real time: 0.133 sec; CPU: 0.103 sec
/var/spool/slurmd/job8746542/slurm_script: line 67: /home/silvi/results/map/map_2133/map_2133_14P.sam: No such file or directory
/var/spool/slurmd/job8746542/slurm_script: line 68: /home/silvi/results/map/map_2133/map_2133_14U.sam: No such file or directory
[bwa_index] Pack FASTA... 0.02 sec
[bwa_index] Construct BWT for the packed sequence...
[bwa_index] 0.51 seconds elapse.
[bwa_index] Update BWT... 0.02 sec
[bwa_index] Pack forward-only FASTA... 0.01 sec
[bwa_index] Construct SA from BWT and Occ... 0.24 sec
[main] Version: 0.7.8-r455
[main] CMD: bwa index /home/silvi/results/binning/bin_2133/bin_2133_15.fa
[main] Real time: 0.906 sec; CPU: 0.816 sec
/var/spool/slurmd/job8746542/slurm_script: line 71: /home/silvi/results/map/map_2133/map_2133_15P.sam: No such file or directory
/var/spool/slurmd/job8746542/slurm_script: line 72: /home/silvi/results/map/map_2133/map_2133_15U.sam: No such file or directory
[bwa_index] Pack FASTA... 0.01 sec
[bwa_index] Construct BWT for the packed sequence...
[bwa_index] 0.34 seconds elapse.
[bwa_index] Update BWT... 0.01 sec
[bwa_index] Pack forward-only FASTA... 0.01 sec
[bwa_index] Construct SA from BWT and Occ... 0.18 sec
[main] Version: 0.7.8-r455
[main] CMD: bwa index /home/silvi/results/binning/bin_2133/bin_2133_16.fa
[main] Real time: 0.646 sec; CPU: 0.565 sec
/var/spool/slurmd/job8746542/slurm_script: line 75: /home/silvi/results/map/map_2133/map_2133_16P.sam: No such file or directory
/var/spool/slurmd/job8746542/slurm_script: line 76: /home/silvi/results/map/map_2133/map_2133_16U.sam: No such file or directory
[bwa_index] Pack FASTA... 0.00 sec
[bwa_index] Construct BWT for the packed sequence...
[bwa_index] 0.17 seconds elapse.
[bwa_index] Update BWT... 0.00 sec
[bwa_index] Pack forward-only FASTA... 0.00 sec
[bwa_index] Construct SA from BWT and Occ... 0.09 sec
[main] Version: 0.7.8-r455
[main] CMD: bwa index /home/silvi/results/binning/bin_2133/bin_2133_17.fa
[main] Real time: 0.328 sec; CPU: 0.265 sec
/var/spool/slurmd/job8746542/slurm_script: line 79: /home/silvi/results/map/map_2133/map_2133_17P.sam: No such file or directory
/var/spool/slurmd/job8746542/slurm_script: line 80: /home/silvi/results/map/map_2133/map_2133_17U.sam: No such file or directory
[bwa_index] Pack FASTA... 0.02 sec
[bwa_index] Construct BWT for the packed sequence...
[bwa_index] 0.49 seconds elapse.
[bwa_index] Update BWT... 0.02 sec
[bwa_index] Pack forward-only FASTA... 0.01 sec
[bwa_index] Construct SA from BWT and Occ... 0.27 sec
[main] Version: 0.7.8-r455
[main] CMD: bwa index /home/silvi/results/binning/bin_2133/bin_2133_18.fa
[main] Real time: 0.921 sec; CPU: 0.815 sec
/var/spool/slurmd/job8746542/slurm_script: line 83: /home/silvi/results/map/map_2133/map_2133_18P.sam: No such file or directory
/var/spool/slurmd/job8746542/slurm_script: line 84: /home/silvi/results/map/map_2133/map_2133_18U.sam: No such file or directory
[bwa_index] Pack FASTA... 0.04 sec
[bwa_index] Construct BWT for the packed sequence...
[bwa_index] 0.88 seconds elapse.
[bwa_index] Update BWT... 0.02 sec
[bwa_index] Pack forward-only FASTA... 0.01 sec
[bwa_index] Construct SA from BWT and Occ... 0.42 sec
[main] Version: 0.7.8-r455
[main] CMD: bwa index /home/silvi/results/binning/bin_2133/bin_2133_19.fa
[main] Real time: 1.503 sec; CPU: 1.379 sec
/var/spool/slurmd/job8746542/slurm_script: line 87: /home/silvi/results/map/map_2133/map_2133_19P.sam: No such file or directory
/var/spool/slurmd/job8746542/slurm_script: line 88: /home/silvi/results/map/map_2133/map_2133_19U.sam: No such file or directory
[bwa_index] Pack FASTA... 0.03 sec
[bwa_index] Construct BWT for the packed sequence...
[bwa_index] 1.13 seconds elapse.
[bwa_index] Update BWT... 0.02 sec
[bwa_index] Pack forward-only FASTA... 0.03 sec
[bwa_index] Construct SA from BWT and Occ... 0.55 sec
[main] Version: 0.7.8-r455
[main] CMD: bwa index /home/silvi/results/binning/bin_2133/bin_2133_20.fa
[main] Real time: 1.931 sec; CPU: 1.771 sec
/var/spool/slurmd/job8746542/slurm_script: line 91: /home/silvi/results/map/map_2133/map_2133_20P.sam: No such file or directory
/var/spool/slurmd/job8746542/slurm_script: line 92: /home/silvi/results/map/map_2133/map_2133_20U.sam: No such file or directory
[bwa_index] Pack FASTA... 0.01 sec
[bwa_index] Construct BWT for the packed sequence...
[bwa_index] 0.24 seconds elapse.
[bwa_index] Update BWT... 0.01 sec
[bwa_index] Pack forward-only FASTA... 0.01 sec
[bwa_index] Construct SA from BWT and Occ... 0.12 sec
[main] Version: 0.7.8-r455
[main] CMD: bwa index /home/silvi/results/binning/bin_2133/bin_2133_21.fa
[main] Real time: 0.458 sec; CPU: 0.401 sec
/var/spool/slurmd/job8746542/slurm_script: line 95: /home/silvi/results/map/map_2133/map_2133_21P.sam: No such file or directory
/var/spool/slurmd/job8746542/slurm_script: line 96: /home/silvi/results/map/map_2133/map_2133_21U.sam: No such file or directory
[bwa_index] fail to open file '/home/silvi/results/binning/bin_2133/bin_2133_22.fa' : No such file or directory
/var/spool/slurmd/job8746542/slurm_script: line 99: /home/silvi/results/map/map_2133/map_2133_22P.sam: No such file or directory
/var/spool/slurmd/job8746542/slurm_script: line 100: /home/silvi/results/map/map_2133/map_2133_12U.sam: No such file or directory
