125.0Gb memory in total.
Using: 112.829Gb.
MEGAHIT v1.1.2
--- [Sun Apr  7 12:20:19 2019] Start assembly. Number of CPU threads 20 ---
--- [Sun Apr  7 12:20:19 2019] Available memory: 134609682432, used: 121148714188
--- [Sun Apr  7 12:20:19 2019] Converting reads to binaries ---
    [read_lib_functions-inl.h  : 209]     Lib 0 (/home/silvi/raw_data/DNA_trimmed/SRR4342133_1.paired.trimmed.fastq.gz,/home/silvi/raw_data/DNA_trimmed/SRR4342133_2.paired.trimmed.fastq.gz): pe, 59954188 reads, 101 max length
    [utils.h                   : 126]     Real: 208.4069	user: 51.5649	sys: 5.4150	maxrss: 152776
--- [Sun Apr  7 12:23:49 2019] k list: 21,31,41,51,61,71,81,91,101,105 ---
--- [Sun Apr  7 12:23:49 2019] Extracting solid (k+1)-mers and building sdbg for k = 21 ---
--- [Sun Apr  7 13:57:36 2019] Assembling contigs from SdBG for k = 21 ---
--- [Sun Apr  7 15:26:30 2019] Local assembling k = 21 ---
--- [Sun Apr  7 15:44:15 2019] Extracting iterative edges from k = 21 to 31 ---
--- [Sun Apr  7 16:10:29 2019] Building graph for k = 31 ---
--- [Sun Apr  7 16:21:08 2019] Assembling contigs from SdBG for k = 31 ---
--- [Sun Apr  7 17:20:15 2019] Local assembling k = 31 ---
--- [Sun Apr  7 17:37:58 2019] Extracting iterative edges from k = 31 to 41 ---
--- [Sun Apr  7 17:57:44 2019] Building graph for k = 41 ---
--- [Sun Apr  7 18:06:53 2019] Assembling contigs from SdBG for k = 41 ---
--- [Sun Apr  7 19:00:39 2019] Local assembling k = 41 ---
slurmstepd: error: *** JOB 8450157 ON r333 CANCELLED AT 2019-04-07T19:20:30 DUE TO TIME LIMIT ***
